
*** Running vivado
    with args -log snake.vds -m64 -product Vivado -mode batch -messageDb vivado.pb -notrace -source snake.tcl


****** Vivado v2018.3 (64-bit)
  **** SW Build 2405991 on Thu Dec  6 23:38:27 MST 2018
  **** IP Build 2404404 on Fri Dec  7 01:43:56 MST 2018
    ** Copyright 1986-2018 Xilinx, Inc. All Rights Reserved.

source snake.tcl -notrace
Command: synth_design -top snake -part xc7a100tcsg324-1
Starting synth_design
Attempting to get a license for feature 'Synthesis' and/or device 'xc7a100t'
INFO: [Common 17-349] Got license for feature 'Synthesis' and/or device 'xc7a100t'
INFO: Launching helper process for spawning children vivado processes
INFO: Helper process launched with PID 13956 
---------------------------------------------------------------------------------
Starting RTL Elaboration : Time (s): cpu = 00:00:01 ; elapsed = 00:00:01 . Memory (MB): peak = 430.730 ; gain = 98.223
---------------------------------------------------------------------------------
INFO: [Synth 8-6157] synthesizing module 'snake' [E:/Vivado_file/11.24.2/11.24.2.srcs/sources_1/new/snake.v:46]
	Parameter LED_DATA_NUM bound to: 48 - type: integer 
	Parameter ROM_ADDR_NUM bound to: 64 - type: integer 
WARNING: [Synth 8-567] referenced signal 'instr' should be on the sensitivity list [E:/Vivado_file/11.24.2/11.24.2.srcs/sources_1/new/snake.v:156]
WARNING: [Synth 8-567] referenced signal 'reg_data' should be on the sensitivity list [E:/Vivado_file/11.24.2/11.24.2.srcs/sources_1/new/snake.v:156]
WARNING: [Synth 8-567] referenced signal 'alu_disp_data' should be on the sensitivity list [E:/Vivado_file/11.24.2/11.24.2.srcs/sources_1/new/snake.v:156]
WARNING: [Synth 8-567] referenced signal 'dmem_data' should be on the sensitivity list [E:/Vivado_file/11.24.2/11.24.2.srcs/sources_1/new/snake.v:156]
WARNING: [Synth 8-567] referenced signal 'led_disp_data' should be on the sensitivity list [E:/Vivado_file/11.24.2/11.24.2.srcs/sources_1/new/snake.v:156]
INFO: [Synth 8-6157] synthesizing module 'seg7x16' [E:/Vivado_file/11.24.2/11.24.2.srcs/sources_1/new/snake.v:183]
INFO: [Synth 8-6155] done synthesizing module 'seg7x16' (1#1) [E:/Vivado_file/11.24.2/11.24.2.srcs/sources_1/new/snake.v:183]
WARNING: [Synth 8-6014] Unused sequential element rom_addr_reg was removed.  [E:/Vivado_file/11.24.2/11.24.2.srcs/sources_1/new/snake.v:152]
WARNING: [Synth 8-3848] Net instr in module/entity snake does not have driver. [E:/Vivado_file/11.24.2/11.24.2.srcs/sources_1/new/snake.v:124]
WARNING: [Synth 8-3848] Net reg_data in module/entity snake does not have driver. [E:/Vivado_file/11.24.2/11.24.2.srcs/sources_1/new/snake.v:125]
WARNING: [Synth 8-3848] Net alu_disp_data in module/entity snake does not have driver. [E:/Vivado_file/11.24.2/11.24.2.srcs/sources_1/new/snake.v:126]
WARNING: [Synth 8-3848] Net dmem_data in module/entity snake does not have driver. [E:/Vivado_file/11.24.2/11.24.2.srcs/sources_1/new/snake.v:127]
INFO: [Synth 8-6155] done synthesizing module 'snake' (2#1) [E:/Vivado_file/11.24.2/11.24.2.srcs/sources_1/new/snake.v:46]
WARNING: [Synth 8-3331] design snake has unconnected port sw_i[10]
WARNING: [Synth 8-3331] design snake has unconnected port sw_i[9]
WARNING: [Synth 8-3331] design snake has unconnected port sw_i[8]
WARNING: [Synth 8-3331] design snake has unconnected port sw_i[7]
WARNING: [Synth 8-3331] design snake has unconnected port sw_i[6]
WARNING: [Synth 8-3331] design snake has unconnected port sw_i[5]
WARNING: [Synth 8-3331] design snake has unconnected port sw_i[4]
WARNING: [Synth 8-3331] design snake has unconnected port sw_i[3]
WARNING: [Synth 8-3331] design snake has unconnected port sw_i[2]
WARNING: [Synth 8-3331] design snake has unconnected port sw_i[1]
---------------------------------------------------------------------------------
Finished RTL Elaboration : Time (s): cpu = 00:00:01 ; elapsed = 00:00:02 . Memory (MB): peak = 486.594 ; gain = 154.086
---------------------------------------------------------------------------------

Report Check Netlist: 
+------+------------------+-------+---------+-------+------------------+
|      |Item              |Errors |Warnings |Status |Description       |
+------+------------------+-------+---------+-------+------------------+
|1     |multi_driven_nets |      0|        0|Passed |Multi driven nets |
+------+------------------+-------+---------+-------+------------------+
---------------------------------------------------------------------------------
Start Handling Custom Attributes
---------------------------------------------------------------------------------
---------------------------------------------------------------------------------
Finished Handling Custom Attributes : Time (s): cpu = 00:00:01 ; elapsed = 00:00:02 . Memory (MB): peak = 486.594 ; gain = 154.086
---------------------------------------------------------------------------------
---------------------------------------------------------------------------------
Finished RTL Optimization Phase 1 : Time (s): cpu = 00:00:01 ; elapsed = 00:00:02 . Memory (MB): peak = 486.594 ; gain = 154.086
---------------------------------------------------------------------------------
INFO: [Device 21-403] Loading part xc7a100tcsg324-1
INFO: [Project 1-570] Preparing netlist for logic optimization

Processing XDC Constraints
Initializing timing engine
Parsing XDC File [E:/Vivado_file/icf.xdc]
WARNING: [Vivado 12-507] No nets matched 'sw_i_IBUF[15]'. [E:/Vivado_file/icf.xdc:5]
CRITICAL WARNING: [Common 17-55] 'set_property' expects at least one object. [E:/Vivado_file/icf.xdc:5]
Resolution: If [get_<value>] was used to populate the object, check to make sure this command returns at least one valid object.
WARNING: [Vivado 12-507] No nets matched 'BTNC_IBUF'. [E:/Vivado_file/icf.xdc:6]
CRITICAL WARNING: [Common 17-55] 'set_property' expects at least one object. [E:/Vivado_file/icf.xdc:6]
Resolution: If [get_<value>] was used to populate the object, check to make sure this command returns at least one valid object.
WARNING: [Vivado 12-584] No ports matched 'led_o[0]'. [E:/Vivado_file/icf.xdc:47]
CRITICAL WARNING: [Common 17-55] 'set_property' expects at least one object. [E:/Vivado_file/icf.xdc:47]
Resolution: If [get_<value>] was used to populate the object, check to make sure this command returns at least one valid object.
WARNING: [Vivado 12-584] No ports matched 'led_o[1]'. [E:/Vivado_file/icf.xdc:48]
CRITICAL WARNING: [Common 17-55] 'set_property' expects at least one object. [E:/Vivado_file/icf.xdc:48]
Resolution: If [get_<value>] was used to populate the object, check to make sure this command returns at least one valid object.
WARNING: [Vivado 12-584] No ports matched 'led_o[2]'. [E:/Vivado_file/icf.xdc:49]
CRITICAL WARNING: [Common 17-55] 'set_property' expects at least one object. [E:/Vivado_file/icf.xdc:49]
Resolution: If [get_<value>] was used to populate the object, check to make sure this command returns at least one valid object.
WARNING: [Vivado 12-584] No ports matched 'led_o[3]'. [E:/Vivado_file/icf.xdc:50]
CRITICAL WARNING: [Common 17-55] 'set_property' expects at least one object. [E:/Vivado_file/icf.xdc:50]
Resolution: If [get_<value>] was used to populate the object, check to make sure this command returns at least one valid object.
WARNING: [Vivado 12-584] No ports matched 'led_o[4]'. [E:/Vivado_file/icf.xdc:51]
CRITICAL WARNING: [Common 17-55] 'set_property' expects at least one object. [E:/Vivado_file/icf.xdc:51]
Resolution: If [get_<value>] was used to populate the object, check to make sure this command returns at least one valid object.
WARNING: [Vivado 12-584] No ports matched 'led_o[5]'. [E:/Vivado_file/icf.xdc:52]
CRITICAL WARNING: [Common 17-55] 'set_property' expects at least one object. [E:/Vivado_file/icf.xdc:52]
Resolution: If [get_<value>] was used to populate the object, check to make sure this command returns at least one valid object.
WARNING: [Vivado 12-584] No ports matched 'led_o[6]'. [E:/Vivado_file/icf.xdc:53]
CRITICAL WARNING: [Common 17-55] 'set_property' expects at least one object. [E:/Vivado_file/icf.xdc:53]
Resolution: If [get_<value>] was used to populate the object, check to make sure this command returns at least one valid object.
WARNING: [Vivado 12-584] No ports matched 'led_o[7]'. [E:/Vivado_file/icf.xdc:54]
CRITICAL WARNING: [Common 17-55] 'set_property' expects at least one object. [E:/Vivado_file/icf.xdc:54]
Resolution: If [get_<value>] was used to populate the object, check to make sure this command returns at least one valid object.
WARNING: [Vivado 12-584] No ports matched 'led_o[8]'. [E:/Vivado_file/icf.xdc:55]
CRITICAL WARNING: [Common 17-55] 'set_property' expects at least one object. [E:/Vivado_file/icf.xdc:55]
Resolution: If [get_<value>] was used to populate the object, check to make sure this command returns at least one valid object.
WARNING: [Vivado 12-584] No ports matched 'led_o[9]'. [E:/Vivado_file/icf.xdc:56]
CRITICAL WARNING: [Common 17-55] 'set_property' expects at least one object. [E:/Vivado_file/icf.xdc:56]
Resolution: If [get_<value>] was used to populate the object, check to make sure this command returns at least one valid object.
WARNING: [Vivado 12-584] No ports matched 'led_o[10]'. [E:/Vivado_file/icf.xdc:57]
CRITICAL WARNING: [Common 17-55] 'set_property' expects at least one object. [E:/Vivado_file/icf.xdc:57]
Resolution: If [get_<value>] was used to populate the object, check to make sure this command returns at least one valid object.
WARNING: [Vivado 12-584] No ports matched 'led_o[11]'. [E:/Vivado_file/icf.xdc:58]
CRITICAL WARNING: [Common 17-55] 'set_property' expects at least one object. [E:/Vivado_file/icf.xdc:58]
Resolution: If [get_<value>] was used to populate the object, check to make sure this command returns at least one valid object.
WARNING: [Vivado 12-584] No ports matched 'led_o[12]'. [E:/Vivado_file/icf.xdc:59]
CRITICAL WARNING: [Common 17-55] 'set_property' expects at least one object. [E:/Vivado_file/icf.xdc:59]
Resolution: If [get_<value>] was used to populate the object, check to make sure this command returns at least one valid object.
WARNING: [Vivado 12-584] No ports matched 'led_o[13]'. [E:/Vivado_file/icf.xdc:60]
CRITICAL WARNING: [Common 17-55] 'set_property' expects at least one object. [E:/Vivado_file/icf.xdc:60]
Resolution: If [get_<value>] was used to populate the object, check to make sure this command returns at least one valid object.
WARNING: [Vivado 12-584] No ports matched 'led_o[14]'. [E:/Vivado_file/icf.xdc:61]
CRITICAL WARNING: [Common 17-55] 'set_property' expects at least one object. [E:/Vivado_file/icf.xdc:61]
Resolution: If [get_<value>] was used to populate the object, check to make sure this command returns at least one valid object.
WARNING: [Vivado 12-584] No ports matched 'led_o[15]'. [E:/Vivado_file/icf.xdc:62]
CRITICAL WARNING: [Common 17-55] 'set_property' expects at least one object. [E:/Vivado_file/icf.xdc:62]
Resolution: If [get_<value>] was used to populate the object, check to make sure this command returns at least one valid object.
WARNING: [Vivado 12-584] No ports matched 'CPU_RESETN'. [E:/Vivado_file/icf.xdc:66]
CRITICAL WARNING: [Common 17-55] 'set_property' expects at least one object. [E:/Vivado_file/icf.xdc:66]
Resolution: If [get_<value>] was used to populate the object, check to make sure this command returns at least one valid object.
WARNING: [Vivado 12-584] No ports matched 'BTNC'. [E:/Vivado_file/icf.xdc:67]
CRITICAL WARNING: [Common 17-55] 'set_property' expects at least one object. [E:/Vivado_file/icf.xdc:67]
Resolution: If [get_<value>] was used to populate the object, check to make sure this command returns at least one valid object.
WARNING: [Vivado 12-584] No ports matched 'BTNU'. [E:/Vivado_file/icf.xdc:68]
CRITICAL WARNING: [Common 17-55] 'set_property' expects at least one object. [E:/Vivado_file/icf.xdc:68]
Resolution: If [get_<value>] was used to populate the object, check to make sure this command returns at least one valid object.
WARNING: [Vivado 12-584] No ports matched 'BTNL'. [E:/Vivado_file/icf.xdc:69]
CRITICAL WARNING: [Common 17-55] 'set_property' expects at least one object. [E:/Vivado_file/icf.xdc:69]
Resolution: If [get_<value>] was used to populate the object, check to make sure this command returns at least one valid object.
WARNING: [Vivado 12-584] No ports matched 'BTNR'. [E:/Vivado_file/icf.xdc:70]
CRITICAL WARNING: [Common 17-55] 'set_property' expects at least one object. [E:/Vivado_file/icf.xdc:70]
Resolution: If [get_<value>] was used to populate the object, check to make sure this command returns at least one valid object.
WARNING: [Vivado 12-584] No ports matched 'BTND'. [E:/Vivado_file/icf.xdc:71]
CRITICAL WARNING: [Common 17-55] 'set_property' expects at least one object. [E:/Vivado_file/icf.xdc:71]
Resolution: If [get_<value>] was used to populate the object, check to make sure this command returns at least one valid object.
Finished Parsing XDC File [E:/Vivado_file/icf.xdc]
INFO: [Project 1-236] Implementation specific constraints were found while reading constraint file [E:/Vivado_file/icf.xdc]. These constraints will be ignored for synthesis but will be used in implementation. Impacted constraints are listed in the file [.Xil/snake_propImpl.xdc].
Resolution: To avoid this warning, move constraints listed in [.Xil/snake_propImpl.xdc] to another XDC file and exclude this new file from synthesis with the used_in_synthesis property (File Properties dialog in GUI) and re-run elaboration/synthesis.
Netlist sorting complete. Time (s): cpu = 00:00:00 ; elapsed = 00:00:00 . Memory (MB): peak = 830.598 ; gain = 0.000
Completed Processing XDC Constraints

Netlist sorting complete. Time (s): cpu = 00:00:00 ; elapsed = 00:00:00 . Memory (MB): peak = 830.609 ; gain = 0.000
INFO: [Project 1-111] Unisim Transformation Summary:
No Unisim elements were transformed.

Netlist sorting complete. Time (s): cpu = 00:00:00 ; elapsed = 00:00:00 . Memory (MB): peak = 830.609 ; gain = 0.000
Constraint Validation Runtime : Time (s): cpu = 00:00:00 ; elapsed = 00:00:00.001 . Memory (MB): peak = 830.609 ; gain = 0.000
---------------------------------------------------------------------------------
Finished Constraint Validation : Time (s): cpu = 00:00:03 ; elapsed = 00:00:06 . Memory (MB): peak = 830.609 ; gain = 498.102
---------------------------------------------------------------------------------
---------------------------------------------------------------------------------
Start Loading Part and Timing Information
---------------------------------------------------------------------------------
Loading part: xc7a100tcsg324-1
---------------------------------------------------------------------------------
Finished Loading Part and Timing Information : Time (s): cpu = 00:00:03 ; elapsed = 00:00:06 . Memory (MB): peak = 830.609 ; gain = 498.102
---------------------------------------------------------------------------------
---------------------------------------------------------------------------------
Start Applying 'set_property' XDC Constraints
---------------------------------------------------------------------------------
---------------------------------------------------------------------------------
Finished applying 'set_property' XDC Constraints : Time (s): cpu = 00:00:03 ; elapsed = 00:00:06 . Memory (MB): peak = 830.609 ; gain = 498.102
---------------------------------------------------------------------------------
INFO: [Synth 8-5587] ROM size for "o_seg_r" is below threshold of ROM address width. It will be mapped to LUTs
INFO: [Synth 8-5546] ROM "LED_DATA" won't be mapped to RAM because it is too sparse
---------------------------------------------------------------------------------
Finished RTL Optimization Phase 2 : Time (s): cpu = 00:00:03 ; elapsed = 00:00:06 . Memory (MB): peak = 830.609 ; gain = 498.102
---------------------------------------------------------------------------------

Report RTL Partitions: 
+-+--------------+------------+----------+
| |RTL Partition |Replication |Instances |
+-+--------------+------------+----------+
+-+--------------+------------+----------+
---------------------------------------------------------------------------------
Start RTL Component Statistics 
---------------------------------------------------------------------------------
Detailed RTL Component Info : 
+---Adders : 
	   2 Input      6 Bit       Adders := 1     
	   2 Input      3 Bit       Adders := 1     
+---Registers : 
	               64 Bit    Registers := 2     
	                8 Bit    Registers := 1     
	                6 Bit    Registers := 1     
	                3 Bit    Registers := 1     
+---Muxes : 
	  49 Input     64 Bit        Muxes := 1     
	   2 Input     64 Bit        Muxes := 2     
	   2 Input      8 Bit        Muxes := 1     
	  18 Input      8 Bit        Muxes := 1     
	   8 Input      8 Bit        Muxes := 1     
	   2 Input      6 Bit        Muxes := 1     
	   2 Input      1 Bit        Muxes := 1     
---------------------------------------------------------------------------------
Finished RTL Component Statistics 
---------------------------------------------------------------------------------
---------------------------------------------------------------------------------
Start RTL Hierarchical Component Statistics 
---------------------------------------------------------------------------------
Hierarchical RTL Component report 
Module snake 
Detailed RTL Component Info : 
+---Adders : 
	   2 Input      6 Bit       Adders := 1     
+---Registers : 
	               64 Bit    Registers := 1     
	                6 Bit    Registers := 1     
+---Muxes : 
	  49 Input     64 Bit        Muxes := 1     
	   2 Input     64 Bit        Muxes := 2     
	   2 Input      6 Bit        Muxes := 1     
	   2 Input      1 Bit        Muxes := 1     
Module seg7x16 
Detailed RTL Component Info : 
+---Adders : 
	   2 Input      3 Bit       Adders := 1     
+---Registers : 
	               64 Bit    Registers := 1     
	                8 Bit    Registers := 1     
	                3 Bit    Registers := 1     
+---Muxes : 
	   2 Input      8 Bit        Muxes := 1     
	  18 Input      8 Bit        Muxes := 1     
	   8 Input      8 Bit        Muxes := 1     
---------------------------------------------------------------------------------
Finished RTL Hierarchical Component Statistics
---------------------------------------------------------------------------------
---------------------------------------------------------------------------------
Start Part Resource Summary
---------------------------------------------------------------------------------
Part Resources:
DSPs: 240 (col length:80)
BRAMs: 270 (col length: RAMB18 80 RAMB36 40)
---------------------------------------------------------------------------------
Finished Part Resource Summary
---------------------------------------------------------------------------------
---------------------------------------------------------------------------------
Start Cross Boundary and Area Optimization
---------------------------------------------------------------------------------
Warning: Parallel synthesis criteria is not met 
INFO: [Synth 8-3886] merging instance 'led_disp_data_reg[46]' (FDCE) to 'led_disp_data_reg[38]'
INFO: [Synth 8-3886] merging instance 'led_disp_data_reg[37]' (FDCE) to 'led_disp_data_reg[36]'
INFO: [Synth 8-3886] merging instance 'led_disp_data_reg[33]' (FDCE) to 'led_disp_data_reg[34]'
INFO: [Synth 8-3886] merging instance 'led_disp_data_reg[29]' (FDCE) to 'led_disp_data_reg[28]'
INFO: [Synth 8-3886] merging instance 'led_disp_data_reg[25]' (FDCE) to 'led_disp_data_reg[26]'
INFO: [Synth 8-3886] merging instance 'led_disp_data_reg[51]' (FDCE) to 'led_disp_data_reg[63]'
INFO: [Synth 8-3886] merging instance 'led_disp_data_reg[35]' (FDCE) to 'led_disp_data_reg[39]'
INFO: [Synth 8-3886] merging instance 'led_disp_data_reg[19]' (FDCE) to 'led_disp_data_reg[23]'
INFO: [Synth 8-3886] merging instance 'led_disp_data_reg[63]' (FDCE) to 'led_disp_data_reg[55]'
INFO: [Synth 8-3886] merging instance 'led_disp_data_reg[39]' (FDCE) to 'led_disp_data_reg[31]'
INFO: [Synth 8-3886] merging instance 'led_disp_data_reg[3]' (FDCE) to 'led_disp_data_reg[7]'
INFO: [Synth 8-3886] merging instance 'u_seg7x16/i_data_store_reg[46]' (FDC) to 'u_seg7x16/i_data_store_reg[38]'
INFO: [Synth 8-3886] merging instance 'u_seg7x16/i_data_store_reg[37]' (FDC) to 'u_seg7x16/i_data_store_reg[36]'
INFO: [Synth 8-3886] merging instance 'u_seg7x16/i_data_store_reg[33]' (FDC) to 'u_seg7x16/i_data_store_reg[34]'
INFO: [Synth 8-3886] merging instance 'u_seg7x16/i_data_store_reg[29]' (FDC) to 'u_seg7x16/i_data_store_reg[28]'
INFO: [Synth 8-3886] merging instance 'u_seg7x16/i_data_store_reg[25]' (FDC) to 'u_seg7x16/i_data_store_reg[26]'
INFO: [Synth 8-3886] merging instance 'u_seg7x16/i_data_store_reg[51]' (FDC) to 'u_seg7x16/i_data_store_reg[63]'
INFO: [Synth 8-3886] merging instance 'u_seg7x16/i_data_store_reg[35]' (FDC) to 'u_seg7x16/i_data_store_reg[39]'
INFO: [Synth 8-3886] merging instance 'u_seg7x16/i_data_store_reg[19]' (FDC) to 'u_seg7x16/i_data_store_reg[23]'
INFO: [Synth 8-3886] merging instance 'u_seg7x16/i_data_store_reg[63]' (FDC) to 'u_seg7x16/i_data_store_reg[55]'
INFO: [Synth 8-3886] merging instance 'u_seg7x16/i_data_store_reg[3]' (FDC) to 'u_seg7x16/i_data_store_reg[7]'
---------------------------------------------------------------------------------
Finished Cross Boundary and Area Optimization : Time (s): cpu = 00:00:04 ; elapsed = 00:00:07 . Memory (MB): peak = 830.609 ; gain = 498.102
---------------------------------------------------------------------------------

Report RTL Partitions: 
+-+--------------+------------+----------+
| |RTL Partition |Replication |Instances |
+-+--------------+------------+----------+
+-+--------------+------------+----------+
---------------------------------------------------------------------------------
Start Applying XDC Timing Constraints
---------------------------------------------------------------------------------
---------------------------------------------------------------------------------
Finished Applying XDC Timing Constraints : Time (s): cpu = 00:00:05 ; elapsed = 00:00:11 . Memory (MB): peak = 830.609 ; gain = 498.102
---------------------------------------------------------------------------------
---------------------------------------------------------------------------------
Start Timing Optimization
---------------------------------------------------------------------------------
---------------------------------------------------------------------------------
Finished Timing Optimization : Time (s): cpu = 00:00:05 ; elapsed = 00:00:11 . Memory (MB): peak = 839.188 ; gain = 506.680
---------------------------------------------------------------------------------

Report RTL Partitions: 
+-+--------------+------------+----------+
| |RTL Partition |Replication |Instances |
+-+--------------+------------+----------+
+-+--------------+------------+----------+
---------------------------------------------------------------------------------
Start Technology Mapping
---------------------------------------------------------------------------------
---------------------------------------------------------------------------------
Finished Technology Mapping : Time (s): cpu = 00:00:05 ; elapsed = 00:00:11 . Memory (MB): peak = 839.676 ; gain = 507.168
---------------------------------------------------------------------------------

Report RTL Partitions: 
+-+--------------+------------+----------+
| |RTL Partition |Replication |Instances |
+-+--------------+------------+----------+
+-+--------------+------------+----------+
---------------------------------------------------------------------------------
Start IO Insertion
---------------------------------------------------------------------------------
---------------------------------------------------------------------------------
Start Flattening Before IO Insertion
---------------------------------------------------------------------------------
---------------------------------------------------------------------------------
Finished Flattening Before IO Insertion
---------------------------------------------------------------------------------
---------------------------------------------------------------------------------
Start Final Netlist Cleanup
---------------------------------------------------------------------------------
---------------------------------------------------------------------------------
Finished Final Netlist Cleanup
---------------------------------------------------------------------------------
---------------------------------------------------------------------------------
Finished IO Insertion : Time (s): cpu = 00:00:06 ; elapsed = 00:00:12 . Memory (MB): peak = 839.676 ; gain = 507.168
---------------------------------------------------------------------------------

Report Check Netlist: 
+------+------------------+-------+---------+-------+------------------+
|      |Item              |Errors |Warnings |Status |Description       |
+------+------------------+-------+---------+-------+------------------+
|1     |multi_driven_nets |      0|        0|Passed |Multi driven nets |
+------+------------------+-------+---------+-------+------------------+
---------------------------------------------------------------------------------
Start Renaming Generated Instances
---------------------------------------------------------------------------------
---------------------------------------------------------------------------------
Finished Renaming Generated Instances : Time (s): cpu = 00:00:06 ; elapsed = 00:00:12 . Memory (MB): peak = 839.676 ; gain = 507.168
---------------------------------------------------------------------------------

Report RTL Partitions: 
+-+--------------+------------+----------+
| |RTL Partition |Replication |Instances |
+-+--------------+------------+----------+
+-+--------------+------------+----------+
---------------------------------------------------------------------------------
Start Rebuilding User Hierarchy
---------------------------------------------------------------------------------
---------------------------------------------------------------------------------
Finished Rebuilding User Hierarchy : Time (s): cpu = 00:00:06 ; elapsed = 00:00:12 . Memory (MB): peak = 839.676 ; gain = 507.168
---------------------------------------------------------------------------------
---------------------------------------------------------------------------------
Start Renaming Generated Ports
---------------------------------------------------------------------------------
---------------------------------------------------------------------------------
Finished Renaming Generated Ports : Time (s): cpu = 00:00:06 ; elapsed = 00:00:12 . Memory (MB): peak = 839.676 ; gain = 507.168
---------------------------------------------------------------------------------
---------------------------------------------------------------------------------
Start Handling Custom Attributes
---------------------------------------------------------------------------------
---------------------------------------------------------------------------------
Finished Handling Custom Attributes : Time (s): cpu = 00:00:06 ; elapsed = 00:00:12 . Memory (MB): peak = 839.676 ; gain = 507.168
---------------------------------------------------------------------------------
---------------------------------------------------------------------------------
Start Renaming Generated Nets
---------------------------------------------------------------------------------
---------------------------------------------------------------------------------
Finished Renaming Generated Nets : Time (s): cpu = 00:00:06 ; elapsed = 00:00:12 . Memory (MB): peak = 839.676 ; gain = 507.168
---------------------------------------------------------------------------------
---------------------------------------------------------------------------------
Start Writing Synthesis Report
---------------------------------------------------------------------------------

Report BlackBoxes: 
+-+--------------+----------+
| |BlackBox name |Instances |
+-+--------------+----------+
+-+--------------+----------+

Report Cell Usage: 
+------+-------+------+
|      |Cell   |Count |
+------+-------+------+
|1     |BUFG   |     2|
|2     |CARRY4 |    11|
|3     |LUT1   |     4|
|4     |LUT2   |    65|
|5     |LUT3   |    18|
|6     |LUT4   |    36|
|7     |LUT5   |    17|
|8     |LUT6   |    61|
|9     |FDCE   |   164|
|10    |FDPE   |     9|
|11    |IBUF   |     4|
|12    |OBUF   |    16|
+------+-------+------+

Report Instance Areas: 
+------+------------+--------+------+
|      |Instance    |Module  |Cells |
+------+------------+--------+------+
|1     |top         |        |   407|
|2     |  u_seg7x16 |seg7x16 |   196|
+------+------------+--------+------+
---------------------------------------------------------------------------------
Finished Writing Synthesis Report : Time (s): cpu = 00:00:06 ; elapsed = 00:00:12 . Memory (MB): peak = 839.676 ; gain = 507.168
---------------------------------------------------------------------------------
Synthesis finished with 0 errors, 0 critical warnings and 0 warnings.
Synthesis Optimization Runtime : Time (s): cpu = 00:00:04 ; elapsed = 00:00:08 . Memory (MB): peak = 839.676 ; gain = 163.152
Synthesis Optimization Complete : Time (s): cpu = 00:00:06 ; elapsed = 00:00:12 . Memory (MB): peak = 839.676 ; gain = 507.168
INFO: [Project 1-571] Translating synthesized netlist
INFO: [Netlist 29-17] Analyzing 11 Unisim elements for replacement
INFO: [Netlist 29-28] Unisim Transformation completed in 0 CPU seconds
INFO: [Project 1-570] Preparing netlist for logic optimization
INFO: [Opt 31-138] Pushed 0 inverter(s) to 0 load pin(s).
Netlist sorting complete. Time (s): cpu = 00:00:00 ; elapsed = 00:00:00 . Memory (MB): peak = 851.355 ; gain = 0.000
INFO: [Project 1-111] Unisim Transformation Summary:
No Unisim elements were transformed.

INFO: [Common 17-83] Releasing license: Synthesis
39 Infos, 44 Warnings, 24 Critical Warnings and 0 Errors encountered.
synth_design completed successfully
synth_design: Time (s): cpu = 00:00:06 ; elapsed = 00:00:13 . Memory (MB): peak = 851.355 ; gain = 531.836
Netlist sorting complete. Time (s): cpu = 00:00:00 ; elapsed = 00:00:00 . Memory (MB): peak = 851.355 ; gain = 0.000
WARNING: [Constraints 18-5210] No constraints selected for write.
Resolution: This message can indicate that there are no constraints for the design, or it can indicate that the used_in flags are set such that the constraints are ignored. This later case is used when running synth_design to not write synthesis constraints to the resulting checkpoint. Instead, project constraints are read when the synthesized design is opened.
INFO: [Common 17-1381] The checkpoint 'E:/Vivado_file/11.24.2/11.24.2.runs/synth_1/snake.dcp' has been generated.
INFO: [runtcl-4] Executing : report_utilization -file snake_utilization_synth.rpt -pb snake_utilization_synth.pb
INFO: [Common 17-206] Exiting Vivado at Sun Nov 24 16:02:41 2024...
