Copyright 1986-2018 Xilinx, Inc. All Rights Reserved.
---------------------------------------------------------------------------------------------------------
| Tool Version : Vivado v.2018.3 (win64) Build 2405991 Thu Dec  6 23:38:27 MST 2018
| Date         : Sun Dec  8 20:59:33 2024
| Host         : DESKTOP-HH8TCLA running 64-bit major release  (build 9200)
| Command      : report_drc -file task3_drc_routed.rpt -pb task3_drc_routed.pb -rpx task3_drc_routed.rpx
| Design       : task3
| Device       : xc7a100tcsg324-1
| Speed File   : -1
| Design State : Fully Routed
---------------------------------------------------------------------------------------------------------

Report DRC

Table of Contents
-----------------
1. REPORT SUMMARY
2. REPORT DETAILS

1. REPORT SUMMARY
-----------------
            Netlist: netlist
          Floorplan: design_1
      Design limits: <entire design considered>
           Ruledeck: default
             Max violations: <unlimited>
             Violations found: 3
+-------------+----------+-------------------------------------------------------------+------------+
| Rule        | Severity | Description                                                 | Violations |
+-------------+----------+-------------------------------------------------------------+------------+
| CFGBVS-1    | Warning  | Missing CFGBVS and CONFIG_VOLTAGE Design Properties         | 1          |
| PDRC-153    | Warning  | Gated clock check                                           | 1          |
| PLHOLDVIO-2 | Warning  | Non-Optimal connections which could lead to hold violations | 1          |
+-------------+----------+-------------------------------------------------------------+------------+

2. REPORT DETAILS
-----------------
CFGBVS-1#1 Warning
Missing CFGBVS and CONFIG_VOLTAGE Design Properties  
Neither the CFGBVS nor CONFIG_VOLTAGE voltage property is set in the current_design.  Configuration bank voltage select (CFGBVS) must be set to VCCO or GND, and CONFIG_VOLTAGE must be set to the correct configuration voltage, in order to determine the I/O voltage support for the pins in bank 0.  It is suggested to specify these either using the 'Edit Device Properties' function in the GUI or directly in the XDC file using the following syntax:

 set_property CFGBVS value1 [current_design]
 #where value1 is either VCCO or GND

 set_property CONFIG_VOLTAGE value2 [current_design]
 #where value2 is the voltage provided to configuration bank 0

Refer to the device configuration user guide for more information.
Related violations: <none>

PDRC-153#1 Warning
Gated clock check  
Net rf_inst/Clk_CPU is a gated clock net sourced by a combinational pin rf_inst/display_index[1]_i_2/O, cell rf_inst/display_index[1]_i_2. This is not good design practice and will likely impact performance. For SLICE registers, for example, use the CE pin to control the loading of data.
Related violations: <none>

PLHOLDVIO-2#1 Warning
Non-Optimal connections which could lead to hold violations  
A LUT rf_inst/display_index[1]_i_2 is driving clock pin of 26 cells. This could lead to large hold time violations. Involved cells are:
display_index_reg[0], display_index_reg[1], rf_inst/registers_reg[0][0], rf_inst/registers_reg[0][1], rf_inst/registers_reg[0][2], rf_inst/registers_reg[1][0], rf_inst/registers_reg[1][1], rf_inst/registers_reg[1][2], rf_inst/registers_reg[2][0], rf_inst/registers_reg[2][1], rf_inst/registers_reg[2][2], rf_inst/registers_reg[3][0], rf_inst/registers_reg[3][1], rf_inst/registers_reg[3][2], rf_inst/registers_reg[4][0] (the first 15 of 26 listed)
Related violations: <none>


